This is pdfTeX, Version 3.14159265-2.6-1.40.21 (TeX Live 2020) (preloaded format=pdflatex 2020.4.7)  10 DEC 2020 15:45
entering extended mode
 restricted \write18 enabled.
 file:line:error style messages enabled.
 %&-line parsing enabled.
**elder_assessment_final.tex
(./elder_assessment_final.tex
LaTeX2e <2020-02-02> patch level 5
L3 programming layer <2020-03-06>
(/usr/local/texlive/2020/texmf-dist/tex/latex/base/article.cls
Document Class: article 2019/12/20 v1.4l Standard LaTeX document class
(/usr/local/texlive/2020/texmf-dist/tex/latex/base/size10.clo
File: size10.clo 2019/12/20 v1.4l Standard LaTeX file (size option)
)
\c@part=\count167
\c@section=\count168
\c@subsection=\count169
\c@subsubsection=\count170
\c@paragraph=\count171
\c@subparagraph=\count172
\c@figure=\count173
\c@table=\count174
\abovecaptionskip=\skip47
\belowcaptionskip=\skip48
\bibindent=\dimen134
)
(/usr/local/texlive/2020/texmf-dist/tex/latex/base/inputenc.sty
Package: inputenc 2018/08/11 v1.3c Input encoding file
\inpenc@prehook=\toks15
\inpenc@posthook=\toks16
)
(/usr/local/texlive/2020/texmf-dist/tex/latex/geometry/geometry.sty
Package: geometry 2020/01/02 v5.9 Page Geometry

(/usr/local/texlive/2020/texmf-dist/tex/latex/graphics/keyval.sty
Package: keyval 2014/10/28 v1.15 key=value parser (DPC)
\KV@toks@=\toks17
)
(/usr/local/texlive/2020/texmf-dist/tex/generic/iftex/ifvtex.sty
Package: ifvtex 2019/10/25 v1.7 ifvtex legacy package. Use iftex instead.

(/usr/local/texlive/2020/texmf-dist/tex/generic/iftex/iftex.sty
Package: iftex 2020/03/06 v1.0d TeX engine tests
))
\Gm@cnth=\count175
\Gm@cntv=\count176
\c@Gm@tempcnt=\count177
\Gm@bindingoffset=\dimen135
\Gm@wd@mp=\dimen136
\Gm@odd@mp=\dimen137
\Gm@even@mp=\dimen138
\Gm@layoutwidth=\dimen139
\Gm@layoutheight=\dimen140
\Gm@layouthoffset=\dimen141
\Gm@layoutvoffset=\dimen142
\Gm@dimlist=\toks18
)
(/usr/local/texlive/2020/texmf-dist/tex/latex/appendix/appendix.sty
Package: appendix 2020/02/08 v1.2c extra appendix facilities
\c@@pps=\count178
\c@@ppsavesec=\count179
\c@@ppsaveapp=\count180
)
(/usr/local/texlive/2020/texmf-dist/tex/latex/graphics/graphicx.sty
Package: graphicx 2019/11/30 v1.2a Enhanced LaTeX Graphics (DPC,SPQR)

(/usr/local/texlive/2020/texmf-dist/tex/latex/graphics/graphics.sty
Package: graphics 2019/11/30 v1.4a Standard LaTeX Graphics (DPC,SPQR)

(/usr/local/texlive/2020/texmf-dist/tex/latex/graphics/trig.sty
Package: trig 2016/01/03 v1.10 sin cos tan (DPC)
)
(/usr/local/texlive/2020/texmf-dist/tex/latex/graphics-cfg/graphics.cfg
File: graphics.cfg 2016/06/04 v1.11 sample graphics configuration
)
Package graphics Info: Driver file: pdftex.def on input line 105.

(/usr/local/texlive/2020/texmf-dist/tex/latex/graphics-def/pdftex.def
File: pdftex.def 2018/01/08 v1.0l Graphics/color driver for pdftex
))
\Gin@req@height=\dimen143
\Gin@req@width=\dimen144
)
(/usr/local/texlive/2020/texmf-dist/tex/latex/breqn/breqn.sty
(/usr/local/texlive/2020/texmf-dist/tex/latex/l3kernel/expl3.sty
Package: expl3 2020-03-06 L3 programming layer (loader) 

(/usr/local/texlive/2020/texmf-dist/tex/latex/l3backend/l3backend-pdfmode.def
File: l3backend-pdfmode.def 2020-03-12 L3 backend support: PDF mode
\l__kernel_color_stack_int=\count181
\l__pdf_internal_box=\box45
))
Package: breqn 2020/02/18 v0.98i Breaking equations
(/usr/local/texlive/2020/texmf-dist/tex/latex/amsmath/amsmath.sty
Package: amsmath 2020/01/20 v2.17e AMS math features
\@mathmargin=\skip49

For additional information on amsmath, use the `?' option.
(/usr/local/texlive/2020/texmf-dist/tex/latex/amsmath/amstext.sty
Package: amstext 2000/06/29 v2.01 AMS text

(/usr/local/texlive/2020/texmf-dist/tex/latex/amsmath/amsgen.sty
File: amsgen.sty 1999/11/30 v2.0 generic functions
\@emptytoks=\toks19
\ex@=\dimen145
))
(/usr/local/texlive/2020/texmf-dist/tex/latex/amsmath/amsbsy.sty
Package: amsbsy 1999/11/29 v1.2d Bold Symbols
\pmbraise@=\dimen146
)
(/usr/local/texlive/2020/texmf-dist/tex/latex/amsmath/amsopn.sty
Package: amsopn 2016/03/08 v2.02 operator names
)
\inf@bad=\count182
LaTeX Info: Redefining \frac on input line 227.
\uproot@=\count183
\leftroot@=\count184
LaTeX Info: Redefining \overline on input line 389.
\classnum@=\count185
\DOTSCASE@=\count186
LaTeX Info: Redefining \ldots on input line 486.
LaTeX Info: Redefining \dots on input line 489.
LaTeX Info: Redefining \cdots on input line 610.
\Mathstrutbox@=\box46
\strutbox@=\box47
\big@size=\dimen147
LaTeX Font Info:    Redeclaring font encoding OML on input line 733.
LaTeX Font Info:    Redeclaring font encoding OMS on input line 734.
\macc@depth=\count187
\c@MaxMatrixCols=\count188
\dotsspace@=\muskip16
\c@parentequation=\count189
\dspbrk@lvl=\count190
\tag@help=\toks20
\row@=\count191
\column@=\count192
\maxfields@=\count193
\andhelp@=\toks21
\eqnshift@=\dimen148
\alignsep@=\dimen149
\tagshift@=\dimen150
\tagwidth@=\dimen151
\totwidth@=\dimen152
\lineht@=\dimen153
\@envbody=\toks22
\multlinegap=\skip50
\multlinetaggap=\skip51
\mathdisplay@stack=\toks23
LaTeX Info: Redefining \[ on input line 2859.
LaTeX Info: Redefining \] on input line 2860.
)
(/usr/local/texlive/2020/texmf-dist/tex/latex/breqn/flexisym.sty
Package: flexisym 2020/02/18 v0.98i Make math characters macros
LaTeX Info: Redefining \textprime on input line 298.
LaTeX Info: Redefining \not on input line 356.

(/usr/local/texlive/2020/texmf-dist/tex/latex/breqn/cmbase.sym
File: cmbase.sym 2007/12/19 v0.92
LaTeX Info: Redefining \hbar on input line 323.
LaTeX Info: Redefining \surd on input line 325.
LaTeX Info: Redefining \angle on input line 333.
LaTeX Info: Redefining \neq on input line 334.
LaTeX Info: Redefining \mapsto on input line 335.
LaTeX Info: Redefining \cong on input line 336.
LaTeX Info: Redefining \notin on input line 339.
LaTeX Info: Redefining \rightleftharpoons on input line 340.
LaTeX Info: Redefining \doteq on input line 341.
LaTeX Info: Redefining \hookrightarrow on input line 342.
LaTeX Info: Redefining \hookleftarrow on input line 343.
LaTeX Info: Redefining \bowtie on input line 344.
LaTeX Info: Redefining \models on input line 345.
LaTeX Info: Redefining \Longrightarrow on input line 346.
LaTeX Info: Redefining \longrightarrow on input line 347.
LaTeX Info: Redefining \Longleftarrow on input line 348.
LaTeX Info: Redefining \longleftarrow on input line 349.
LaTeX Info: Redefining \longmapsto on input line 350.
LaTeX Info: Redefining \longleftrightarrow on input line 351.
LaTeX Info: Redefining \Longleftrightarrow on input line 352.
LaTeX Info: Redefining \cdots on input line 356.
LaTeX Info: Redefining \vdots on input line 359.
LaTeX Info: Redefining \ddots on input line 364.
)
(/usr/local/texlive/2020/texmf-dist/tex/latex/breqn/mathstyle.sty
Package: mathstyle 2020/02/18 v0.98i Tracking mathstyle implicitly
LaTeX Info: Redefining \displaystyle on input line 93.
LaTeX Info: Redefining \textstyle on input line 95.
LaTeX Info: Redefining \scriptstyle on input line 97.
LaTeX Info: Redefining \scriptscriptstyle on input line 99.
LaTeX Info: Redefining \genfrac on input line 145.
))
(/usr/local/texlive/2020/texmf-dist/tex/latex/tools/calc.sty
Package: calc 2017/05/25 v4.3 Infix arithmetic (KKT,FJ)
\calc@Acount=\count194
\calc@Bcount=\count195
\calc@Adimen=\dimen154
\calc@Bdimen=\dimen155
\calc@Askip=\skip52
\calc@Bskip=\skip53
LaTeX Info: Redefining \setlength on input line 80.
LaTeX Info: Redefining \addtolength on input line 81.
\calc@Ccount=\count196
\calc@Cskip=\skip54
)
\inf@bad=\count197
\maxint=\count198
\listwidth=\dimen156
\eqnumsep=\dimen157
\eqmargin=\dimen158
\eqlinespacing=\skip55
\eqlineskip=\skip56
\eqlineskiplimit=\dimen159
\eqbinoffset=\muskip17
\eqdelimoffset=\muskip18
\eqindentstep=\dimen160
\eqstyle=\toks24
\eqbreakdepth=\count199
\eqinterlinepenalty=\count266
\intereqpenalty=\count267
\intereqskip=\skip57
\prerelpenalty=\count268
\prebinoppenalty=\count269
\Dmedmuskip=\muskip19
\Dthickmuskip=\muskip20
\eqleftskip=\skip58
\eqrightskip=\skip59
\eq@vspan=\skip60
\eq@binoffset=\muskip21
\EQ@box=\box48
\EQ@copy=\box49
\EQ@numbox=\box50
\eq@wdNum=\dimen161
\GRP@numbox=\box51
\grp@wdNum=\dimen162
\eq@lines=\count270
\eq@curline=\count271
\eq@badness=\count272
\EQ@vims=\count273
\eq@dp=\dimen163
\eq@wdL=\dimen164
\eq@wdT=\dimen165
\eq@wdMin=\dimen166
\grp@wdL=\dimen167
\grp@wdR=\dimen168
\grp@wdT=\dimen169
\eq@wdRmax=\dimen170
\eq@firstht=\dimen171
\eq@wdCond=\dimen172
\eq@indentstep=\dimen173
\eq@linewidth=\dimen174
\grp@linewidth=\dimen175
\eq@hshift=\dimen176
\eq@given@sidespace=\dimen177
\mathindent=\dimen178
\eq@final@linecount=\count274
\eq@wdR=\dimen179
\EQ@continue=\toks25
\lr@level=\count275
\GRP@queue=\toks26
\GRP@box=\box52
\GRP@wholebox=\box53
\darraycolsep=\skip61
\cur@row=\count276
\cur@col=\count277
\conditionsep=\skip62
)
(/usr/local/texlive/2020/texmf-dist/tex/latex/multirow/multirow.sty
Package: multirow 2019/05/31 v2.5 Span multiple rows of a table
\multirow@colwidth=\skip63
\multirow@cntb=\count278
\multirow@dima=\skip64
\bigstrutjot=\dimen180
)
(/usr/local/texlive/2020/texmf-dist/tex/latex/float/float.sty
Package: float 2001/11/08 v1.3d Float enhancements (AL)
\c@float@type=\count279
\float@exts=\toks27
\float@box=\box54
\@float@everytoks=\toks28
\@floatcapt=\box55
)
(./elder_assessment_final.aux

LaTeX Warning: Label `' multiply defined.

)
\openout1 = `elder_assessment_final.aux'.

LaTeX Font Info:    Checking defaults for OML/cmm/m/it on input line 21.
LaTeX Font Info:    ... okay on input line 21.
LaTeX Font Info:    Checking defaults for OMS/cmsy/m/n on input line 21.
LaTeX Font Info:    ... okay on input line 21.
LaTeX Font Info:    Checking defaults for OT1/cmr/m/n on input line 21.
LaTeX Font Info:    ... okay on input line 21.
LaTeX Font Info:    Checking defaults for T1/cmr/m/n on input line 21.
LaTeX Font Info:    ... okay on input line 21.
LaTeX Font Info:    Checking defaults for TS1/cmr/m/n on input line 21.
LaTeX Font Info:    ... okay on input line 21.
LaTeX Font Info:    Checking defaults for OMX/cmex/m/n on input line 21.
LaTeX Font Info:    ... okay on input line 21.
LaTeX Font Info:    Checking defaults for U/cmr/m/n on input line 21.
LaTeX Font Info:    ... okay on input line 21.

*geometry* driver: auto-detecting
*geometry* detected driver: pdftex
*geometry* verbose mode - [ preamble ] result:
* driver: pdftex
* paper: <default>
* layout: <same size as paper>
* layoutoffset:(h,v)=(0.0pt,0.0pt)
* modes: 
* h-part:(L,W,R)=(72.26999pt, 469.75502pt, 72.26999pt)
* v-part:(T,H,B)=(72.26999pt, 650.43001pt, 72.26999pt)
* \paperwidth=614.295pt
* \paperheight=794.96999pt
* \textwidth=469.75502pt
* \textheight=650.43001pt
* \oddsidemargin=0.0pt
* \evensidemargin=0.0pt
* \topmargin=-37.0pt
* \headheight=12.0pt
* \headsep=25.0pt
* \topskip=10.0pt
* \footskip=30.0pt
* \marginparwidth=65.0pt
* \marginparsep=11.0pt
* \columnsep=10.0pt
* \skip\footins=9.0pt plus 4.0pt minus 2.0pt
* \hoffset=0.0pt
* \voffset=0.0pt
* \mag=1000
* \@twocolumnfalse
* \@twosidefalse
* \@mparswitchfalse
* \@reversemarginfalse
* (1in=72.27pt=25.4mm, 1cm=28.453pt)

(/usr/local/texlive/2020/texmf-dist/tex/context/base/mkii/supp-pdf.mkii
[Loading MPS to PDF converter (version 2006.09.02).]
\scratchcounter=\count280
\scratchdimen=\dimen181
\scratchbox=\box56
\nofMPsegments=\count281
\nofMParguments=\count282
\everyMPshowfont=\toks29
\MPscratchCnt=\count283
\MPscratchDim=\dimen182
\MPnumerator=\count284
\makeMPintoPDFobject=\count285
\everyMPtoPDFconversion=\toks30
) (/usr/local/texlive/2020/texmf-dist/tex/latex/epstopdf-pkg/epstopdf-base.sty
Package: epstopdf-base 2020-01-24 v2.11 Base part for package epstopdf
Package epstopdf-base Info: Redefining graphics rule for `.eps' on input line 4
85.

(/usr/local/texlive/2020/texmf-dist/tex/latex/latexconfig/epstopdf-sys.cfg
File: epstopdf-sys.cfg 2010/07/13 v1.3 Configuration of (r)epstopdf for TeX Liv
e
))
[1

{/usr/local/texlive/2020/texmf-var/fonts/map/pdftex/updmap/pdftex.map}]
Overfull \hbox (2.1487pt too wide) in paragraph at lines 44--62
[][] 
 []

[2]

LaTeX Warning: Float too large for page by 28.80896pt on input line 178.


LaTeX Warning: `h' float specifier changed to `ht'.


LaTeX Warning: `h' float specifier changed to `ht'.

(./elder_assessment_final.bbl [3])
</Volumes/timothyelder/Graduate/Maximum_Likelihood/assessment_final/figures/dis
tributions_ivs.pdf, id=21, 1011.78pt x 614.295pt>
File: /Volumes/timothyelder/Graduate/Maximum_Likelihood/assessment_final/figure
s/distributions_ivs.pdf Graphic file (type pdf)
<use /Volumes/timothyelder/Graduate/Maximum_Likelihood/assessment_final/figures
/distributions_ivs.pdf>
Package pdftex.def Info: /Volumes/timothyelder/Graduate/Maximum_Likelihood/asse
ssment_final/figures/distributions_ivs.pdf  used on input line 212.
(pdftex.def)             Requested size: 426.79134pt x 259.12694pt.
</Volumes/timothyelder/Graduate/Maximum_Likelihood/assessment_final/figures/cor
_heatmap.pdf, id=22, 605.26125pt x 597.23125pt>
File: /Volumes/timothyelder/Graduate/Maximum_Likelihood/assessment_final/figure
s/cor_heatmap.pdf Graphic file (type pdf)
<use /Volumes/timothyelder/Graduate/Maximum_Likelihood/assessment_final/figures
/cor_heatmap.pdf>
Package pdftex.def Info: /Volumes/timothyelder/Graduate/Maximum_Likelihood/asse
ssment_final/figures/cor_heatmap.pdf  used on input line 218.
(pdftex.def)             Requested size: 284.52756pt x 280.7534pt.


LaTeX Warning: `h' float specifier changed to `ht'.

</Volumes/timothyelder/Graduate/Maximum_Likelihood/assessment_final/figures/all
_lines.pdf, id=23, 604.2575pt x 572.1375pt>
File: /Volumes/timothyelder/Graduate/Maximum_Likelihood/assessment_final/figure
s/all_lines.pdf Graphic file (type pdf)
<use /Volumes/timothyelder/Graduate/Maximum_Likelihood/assessment_final/figures
/all_lines.pdf>
Package pdftex.def Info: /Volumes/timothyelder/Graduate/Maximum_Likelihood/asse
ssment_final/figures/all_lines.pdf  used on input line 224.
(pdftex.def)             Requested size: 426.79134pt x 404.10777pt.

LaTeX Warning: `h' float specifier changed to `ht'.


LaTeX Warning: `h' float specifier changed to `ht'.

</Volumes/timothyelder/Graduate/Maximum_Likelihood/assessment_final/figures/unw
eighted_dir_logit_modelfit_base.pdf, id=24, 505.89pt x 505.89pt>
File: /Volumes/timothyelder/Graduate/Maximum_Likelihood/assessment_final/figure
s/unweighted_dir_logit_modelfit_base.pdf Graphic file (type pdf)
<use /Volumes/timothyelder/Graduate/Maximum_Likelihood/assessment_final/figures
/unweighted_dir_logit_modelfit_base.pdf>
Package pdftex.def Info: /Volumes/timothyelder/Graduate/Maximum_Likelihood/asse
ssment_final/figures/unweighted_dir_logit_modelfit_base.pdf  used on input line
 291.
(pdftex.def)             Requested size: 199.16928pt x 199.17207pt.

LaTeX Warning: `h' float specifier changed to `ht'.

</Volumes/timothyelder/Graduate/Maximum_Likelihood/assessment_final/figures/any
directive_unweighted_ROC.pdf, id=25, 361.35pt x 361.35pt>
File: /Volumes/timothyelder/Graduate/Maximum_Likelihood/assessment_final/figure
s/anydirective_unweighted_ROC.pdf Graphic file (type pdf)
<use /Volumes/timothyelder/Graduate/Maximum_Likelihood/assessment_final/figures
/anydirective_unweighted_ROC.pdf>
Package pdftex.def Info: /Volumes/timothyelder/Graduate/Maximum_Likelihood/asse
ssment_final/figures/anydirective_unweighted_ROC.pdf  used on input line 297.
(pdftex.def)             Requested size: 199.16928pt x 199.16766pt.

LaTeX Warning: `h' float specifier changed to `ht'.

[4 </Volumes/timothyelder/Graduate/Maximum_Likelihood/assessment_final/figures/
distributions_ivs.pdf>] [5 </Volumes/timothyelder/Graduate/Maximum_Likelihood/a
ssessment_final/figures/cor_heatmap.pdf>] [6] [7 </Volumes/timothyelder/Graduat
e/Maximum_Likelihood/assessment_final/figures/all_lines.pdf>] [8] [9 </Volumes/
timothyelder/Graduate/Maximum_Likelihood/assessment_final/figures/unweighted_di
r_logit_modelfit_base.pdf> </Volumes/timothyelder/Graduate/Maximum_Likelihood/a
ssessment_final/figures/anydirective_unweighted_ROC.pdf>]
(./elder_assessment_final.aux)

LaTeX Warning: There were multiply-defined labels.

 ) 
Here is how much of TeX's memory you used:
 3355 strings out of 480608
 48076 string characters out of 5903631
 314939 words of memory out of 5000000
 19217 multiletter control sequences out of 15000+600000
 537928 words of font info for 44 fonts, out of 8000000 for 9000
 1141 hyphenation exceptions out of 8191
 39i,15n,40p,1467b,287s stack positions out of 5000i,500n,10000p,200000b,80000s
</usr/local/texlive/2020/texmf-dist/fonts/type1/public/amsfonts/cm/cmbx10.pfb
></usr/local/texlive/2020/texmf-dist/fonts/type1/public/amsfonts/cm/cmbx12.pfb>
</usr/local/texlive/2020/texmf-dist/fonts/type1/public/amsfonts/cm/cmmi10.pfb><
/usr/local/texlive/2020/texmf-dist/fonts/type1/public/amsfonts/cm/cmr10.pfb></u
sr/local/texlive/2020/texmf-dist/fonts/type1/public/amsfonts/cm/cmr12.pfb></usr
/local/texlive/2020/texmf-dist/fonts/type1/public/amsfonts/cm/cmr17.pfb></usr/l
ocal/texlive/2020/texmf-dist/fonts/type1/public/amsfonts/cm/cmsy10.pfb></usr/lo
cal/texlive/2020/texmf-dist/fonts/type1/public/amsfonts/cm/cmsy7.pfb></usr/loca
l/texlive/2020/texmf-dist/fonts/type1/public/amsfonts/cm/cmti10.pfb></usr/local
/texlive/2020/texmf-dist/fonts/type1/public/amsfonts/cm/cmtt10.pfb>
Output written on elder_assessment_final.pdf (9 pages, 1073317 bytes).
PDF statistics:
 109 PDF objects out of 1000 (max. 8388607)
 76 compressed objects within 1 object stream
 0 named destinations out of 1000 (max. 500000)
 26 words of extra memory for PDF output out of 10000 (max. 10000000)

